2025-10-01 06:34:01 Error 404: Page not found
2025-10-01 06:34:01 Status 200: OK
2025-10-01 06:34:19 Error 500: Internal server error
2025-10-01 06:34:27 Status 201: Created
2025-10-01 06:34:35 Error 403: Forbidden
2025-10-01 06:34:49 Status 204: No Content
2025-10-01 06:35:02 Error 408: Request timeout
2025-10-01 06:35:09 Status 302: Found
2025-10-01 06:35:18 Error 401: Unauthorized
2025-10-01 06:35:33 Status 200: OK
2025-10-01 06:35:41 Error 409: Conflict
2025-10-01 06:35:57 Status 301: Moved Permanently
2025-10-01 06:36:05 Error 415: Unsupported media type
2025-10-01 06:36:14 Status 202: Accepted
2025-10-01 06:36:29 Error 405: Method not allowed
2025-10-01 06:36:46 Status 304: Not Modified
2025-10-01 06:36:53 Error 429: Too many requests
2025-10-01 06:37:04 Status 200: OK
2025-10-01 06:37:19 Error 410: Gone
2025-10-01 06:37:27 Status 204: No Content
2025-10-01 06:37:39 Error 502: Bad gateway
2025-10-01 06:37:58 Status 307: Temporary Redirect
2025-10-01 06:38:06 Error 400: Bad request
2025-10-01 06:38:17 Status 200: OK
2025-10-01 06:38:29 Error 503: Service unavailable
2025-10-01 06:38:44 Status 308: Permanent Redirect
2025-10-01 06:38:57 Error 504: Gateway timeout
2025-10-01 06:39:05 Status 201: Created
2025-10-01 06:39:18 Error 404: Page not found
2025-10-01 06:39:31 Status 200: OK
2025-10-01 06:39:46 Error 401: Unauthorized
2025-10-01 06:39:59 Status 302: Found
2025-10-01 06:40:07 Error 500: Internal server error
2025-10-01 06:40:19 Status 202: Accepted
2025-10-01 06:40:33 Error 403: Forbidden
2025-10-01 06:40:48 Status 204: No Content
2025-10-01 06:40:56 Error 405: Method not allowed
2025-10-01 06:41:09 Status 200: OK
2025-10-01 06:41:22 Error 415: Unsupported media type
2025-10-01 06:41:37 Status 301: Moved Permanently